<?xml version="1.0" encoding="UTF-8"?>
<testng-results ignored="0" total="1" passed="1" failed="0" skipped="0">
  <reporter-output>
  </reporter-output>
  <suite started-at="2023-09-30T12:12:23 IST" name="Default suite" finished-at="2023-09-30T12:12:23 IST" duration-ms="64">
    <groups>
    </groups>
    <test started-at="2023-09-30T12:12:23 IST" name="Default test" finished-at="2023-09-30T12:12:23 IST" duration-ms="64">
      <class name="practice.LeadTest">
        <test-method signature="homeTest()[pri:0, instance:practice.LeadTest@1530c739]" started-at="2023-09-30T12:12:23 IST" name="homeTest" finished-at="2023-09-30T12:12:23 IST" duration-ms="10" status="PASS">
          <reporter-output>
          </reporter-output>
        </test-method> <!-- homeTest -->
      </class> <!-- practice.LeadTest -->
    </test> <!-- Default test -->
  </suite> <!-- Default suite -->
</testng-results>
